2016-10-10 17:42:45,873 INFO:   ===== BBot initialising ===== 
2016-10-10 17:42:45,873 INFO: Loading config from ./bbot.json
2016-10-10 17:42:45,874 INFO: Main module init ok ...
2016-10-10 17:42:45,880 INFO: Starting new HTTPS connection (1): matrix.bingo-boom.ru
2016-10-10 17:42:46,052 DEBUG: "POST /_matrix/client/api/v1/login HTTP/1.1" 200 None
2016-10-10 17:42:46,056 INFO: Starting new HTTPS connection (1): matrix.bingo-boom.ru
2016-10-10 17:42:46,153 DEBUG: "GET /_matrix/client/r0/sync?filter=%7B+%22room%22%3A+%7B+%22timeline%22+%3A+%7B+%22limit%22+%3A+1+%7D+%7D+%7D&access_token=MDAyMmxvY2F0aW9uIG1hdHJpeC5iaW5nby1ib29tLnJ1CjAwMTNpZGVudGlmaWVyIGtleQowMDEwY2lkIGdlbiA9IDEKMDAyZmNpZCB1c2VyX2lkID0gQG1hdHJpeDptYXRyaXguYmluZ28tYm9vbS5ydQowMDE2Y2lkIHR5cGUgPSBhY2Nlc3MKMDAxZGNpZCB0aW1lIDwgMTQ3NjExNDE2NDA3OAowMDJmc2lnbmF0dXJlIGhDL2XQNY55G8NFWSe3yzh6fYWnz5r41owwx1hsb7zSCg&timeout=30000 HTTP/1.1" 200 None
2016-10-10 17:42:46,159 INFO: User token is: MDAyMmxvY2F0aW9uIG1hdHJpeC5iaW5nby1ib29tLnJ1CjAwMTNpZGVudGlmaWVyIGtleQowMDEwY2lkIGdlbiA9IDEKMDAyZmNpZCB1c2VyX2lkID0gQG1hdHJpeDptYXRyaXguYmluZ28tYm9vbS5ydQowMDE2Y2lkIHR5cGUgPSBhY2Nlc3MKMDAxZGNpZCB0aW1lIDwgMTQ3NjExNDE2NDA3OAowMDJmc2lnbmF0dXJlIGhDL2XQNY55G8NFWSe3yzh6fYWnz5r41owwx1hsb7zSCg
2016-10-10 17:48:06,454 INFO:   ===== BBot initialising ===== 
2016-10-10 17:48:06,454 INFO: Loading config from ./bbot.json
2016-10-10 17:48:06,455 INFO: Main module init ok ...
2016-10-10 17:48:06,462 INFO: Starting new HTTPS connection (1): matrix.bingo-boom.ru
2016-10-10 17:48:06,628 DEBUG: "POST /_matrix/client/api/v1/login HTTP/1.1" 200 None
2016-10-10 17:48:06,632 INFO: Starting new HTTPS connection (1): matrix.bingo-boom.ru
2016-10-10 17:48:06,874 DEBUG: "GET /_matrix/client/r0/sync?filter=%7B+%22room%22%3A+%7B+%22timeline%22+%3A+%7B+%22limit%22+%3A+1+%7D+%7D+%7D&access_token=MDAyMmxvY2F0aW9uIG1hdHJpeC5iaW5nby1ib29tLnJ1CjAwMTNpZGVudGlmaWVyIGtleQowMDEwY2lkIGdlbiA9IDEKMDAyZmNpZCB1c2VyX2lkID0gQG1hdHJpeDptYXRyaXguYmluZ28tYm9vbS5ydQowMDE2Y2lkIHR5cGUgPSBhY2Nlc3MKMDAxZGNpZCB0aW1lIDwgMTQ3NjExNDQ4NDY0NwowMDJmc2lnbmF0dXJlIOlWgoDEk1Tl2nB8RGQhiNZ0tg6sF0JejfHbIjGSGxbxCg&timeout=30000 HTTP/1.1" 200 None
2016-10-10 17:48:46,371 INFO:   ===== BBot initialising ===== 
2016-10-10 17:48:46,372 INFO: Loading config from ./bbot.json
2016-10-10 17:48:46,372 INFO: Main module init ok ...
2016-10-10 17:48:46,378 INFO: Starting new HTTPS connection (1): matrix.bingo-boom.ru
2016-10-10 17:48:46,534 DEBUG: "POST /_matrix/client/api/v1/login HTTP/1.1" 200 None
2016-10-10 17:48:46,538 INFO: Starting new HTTPS connection (1): matrix.bingo-boom.ru
2016-10-10 17:48:46,661 DEBUG: "GET /_matrix/client/r0/sync?filter=%7B+%22room%22%3A+%7B+%22timeline%22+%3A+%7B+%22limit%22+%3A+1+%7D+%7D+%7D&access_token=MDAyMmxvY2F0aW9uIG1hdHJpeC5iaW5nby1ib29tLnJ1CjAwMTNpZGVudGlmaWVyIGtleQowMDEwY2lkIGdlbiA9IDEKMDAyZmNpZCB1c2VyX2lkID0gQG1hdHJpeDptYXRyaXguYmluZ28tYm9vbS5ydQowMDE2Y2lkIHR5cGUgPSBhY2Nlc3MKMDAxZGNpZCB0aW1lIDwgMTQ3NjExNDUyNDU1OAowMDJmc2lnbmF0dXJlIF-vUnS7iM3B9-Fhs97fqNBnVvCF6rLdkzEcR86uamKnCg&timeout=30000 HTTP/1.1" 200 None
2016-10-10 17:48:46,665 INFO: User token is: MDAyMmxvY2F0aW9uIG1hdHJpeC5iaW5nby1ib29tLnJ1CjAwMTNpZGVudGlmaWVyIGtleQowMDEwY2lkIGdlbiA9IDEKMDAyZmNpZCB1c2VyX2lkID0gQG1hdHJpeDptYXRyaXguYmluZ28tYm9vbS5ydQowMDE2Y2lkIHR5cGUgPSBhY2Nlc3MKMDAxZGNpZCB0aW1lIDwgMTQ3NjExNDUyNDU1OAowMDJmc2lnbmF0dXJlIF-vUnS7iM3B9-Fhs97fqNBnVvCF6rLdkzEcR86uamKnCg
2016-10-10 17:55:29,376 INFO:   ===== BBot initialising ===== 
2016-10-10 17:55:29,377 INFO: Loading config from ./bbot.json
2016-10-10 17:55:29,377 INFO: Main module init ok ...
2016-10-10 17:55:29,384 INFO: Starting new HTTPS connection (1): matrix.bingo-boom.ru
2016-10-10 17:55:29,548 DEBUG: "POST /_matrix/client/api/v1/login HTTP/1.1" 200 None
2016-10-10 17:55:29,554 INFO: Starting new HTTPS connection (1): matrix.bingo-boom.ru
2016-10-10 17:55:29,770 DEBUG: "GET /_matrix/client/r0/sync?filter=%7B+%22room%22%3A+%7B+%22timeline%22+%3A+%7B+%22limit%22+%3A+1+%7D+%7D+%7D&access_token=MDAyMmxvY2F0aW9uIG1hdHJpeC5iaW5nby1ib29tLnJ1CjAwMTNpZGVudGlmaWVyIGtleQowMDEwY2lkIGdlbiA9IDEKMDAyZmNpZCB1c2VyX2lkID0gQG1hdHJpeDptYXRyaXguYmluZ28tYm9vbS5ydQowMDE2Y2lkIHR5cGUgPSBhY2Nlc3MKMDAxZGNpZCB0aW1lIDwgMTQ3NjExNDkyNzU3NwowMDJmc2lnbmF0dXJlIJrLeB3DQQ4wiNaLYseIC8GVK951Dd68DUTp2BAKox0KCg&timeout=30000 HTTP/1.1" 200 None
2016-10-10 17:55:29,774 INFO: User token is: MDAyMmxvY2F0aW9uIG1hdHJpeC5iaW5nby1ib29tLnJ1CjAwMTNpZGVudGlmaWVyIGtleQowMDEwY2lkIGdlbiA9IDEKMDAyZmNpZCB1c2VyX2lkID0gQG1hdHJpeDptYXRyaXguYmluZ28tYm9vbS5ydQowMDE2Y2lkIHR5cGUgPSBhY2Nlc3MKMDAxZGNpZCB0aW1lIDwgMTQ3NjExNDkyNzU3NwowMDJmc2lnbmF0dXJlIJrLeB3DQQ4wiNaLYseIC8GVK951Dd68DUTp2BAKox0KCg
2016-10-10 17:55:29,776 INFO: Starting new HTTPS connection (1): matrix.bingo-boom.ru
2016-10-10 17:55:29,860 DEBUG: "POST /_matrix/client/api/v1/join/%23admins%3Amatrix.bingo-boom.ru?access_token=MDAyMmxvY2F0aW9uIG1hdHJpeC5iaW5nby1ib29tLnJ1CjAwMTNpZGVudGlmaWVyIGtleQowMDEwY2lkIGdlbiA9IDEKMDAyZmNpZCB1c2VyX2lkID0gQG1hdHJpeDptYXRyaXguYmluZ28tYm9vbS5ydQowMDE2Y2lkIHR5cGUgPSBhY2Nlc3MKMDAxZGNpZCB0aW1lIDwgMTQ3NjExNDkyNzU3NwowMDJmc2lnbmF0dXJlIJrLeB3DQQ4wiNaLYseIC8GVK951Dd68DUTp2BAKox0KCg HTTP/1.1" 200 None
2016-10-10 17:55:29,866 INFO: Starting new HTTPS connection (1): matrix.bingo-boom.ru
2016-10-10 17:55:30,073 DEBUG: "PUT /_matrix/client/api/v1/rooms/%21HhgiEgnhwFwUyaYwAM%3Amatrix.bingo-boom.ru/send/m.room.message/0?access_token=MDAyMmxvY2F0aW9uIG1hdHJpeC5iaW5nby1ib29tLnJ1CjAwMTNpZGVudGlmaWVyIGtleQowMDEwY2lkIGdlbiA9IDEKMDAyZmNpZCB1c2VyX2lkID0gQG1hdHJpeDptYXRyaXguYmluZ28tYm9vbS5ydQowMDE2Y2lkIHR5cGUgPSBhY2Nlc3MKMDAxZGNpZCB0aW1lIDwgMTQ3NjExNDkyNzU3NwowMDJmc2lnbmF0dXJlIJrLeB3DQQ4wiNaLYseIC8GVK951Dd68DUTp2BAKox0KCg HTTP/1.1" 200 None
2016-10-10 18:02:49,182 INFO:   ===== BBot initialising ===== 
2016-10-10 18:02:49,183 INFO: Loading config from ./bbot.json
2016-10-10 18:02:49,184 INFO: Main module init ok ...
2016-10-10 18:02:49,195 INFO: Starting new HTTPS connection (1): matrix.bingo-boom.ru
2016-10-10 18:02:49,354 DEBUG: "POST /_matrix/client/api/v1/login HTTP/1.1" 200 None
2016-10-10 18:02:49,358 INFO: Starting new HTTPS connection (1): matrix.bingo-boom.ru
2016-10-10 18:02:49,565 DEBUG: "GET /_matrix/client/r0/sync?filter=%7B+%22room%22%3A+%7B+%22timeline%22+%3A+%7B+%22limit%22+%3A+1+%7D+%7D+%7D&access_token=MDAyMmxvY2F0aW9uIG1hdHJpeC5iaW5nby1ib29tLnJ1CjAwMTNpZGVudGlmaWVyIGtleQowMDEwY2lkIGdlbiA9IDEKMDAyZmNpZCB1c2VyX2lkID0gQG1hdHJpeDptYXRyaXguYmluZ28tYm9vbS5ydQowMDE2Y2lkIHR5cGUgPSBhY2Nlc3MKMDAxZGNpZCB0aW1lIDwgMTQ3NjExNTM2NzM4NwowMDJmc2lnbmF0dXJlIPkcqDeUMn0kh49Lw7MOBzWexejoibxH-08BRKu6alVnCg&timeout=30000 HTTP/1.1" 200 None
2016-10-10 18:02:49,570 INFO: User token is: MDAyMmxvY2F0aW9uIG1hdHJpeC5iaW5nby1ib29tLnJ1CjAwMTNpZGVudGlmaWVyIGtleQowMDEwY2lkIGdlbiA9IDEKMDAyZmNpZCB1c2VyX2lkID0gQG1hdHJpeDptYXRyaXguYmluZ28tYm9vbS5ydQowMDE2Y2lkIHR5cGUgPSBhY2Nlc3MKMDAxZGNpZCB0aW1lIDwgMTQ3NjExNTM2NzM4NwowMDJmc2lnbmF0dXJlIPkcqDeUMn0kh49Lw7MOBzWexejoibxH-08BRKu6alVnCg
2016-10-10 18:02:49,572 INFO: Starting new HTTPS connection (1): matrix.bingo-boom.ru
2016-10-10 18:02:49,665 DEBUG: "POST /_matrix/client/api/v1/join/%23admins%3Amatrix.bingo-boom.ru?access_token=MDAyMmxvY2F0aW9uIG1hdHJpeC5iaW5nby1ib29tLnJ1CjAwMTNpZGVudGlmaWVyIGtleQowMDEwY2lkIGdlbiA9IDEKMDAyZmNpZCB1c2VyX2lkID0gQG1hdHJpeDptYXRyaXguYmluZ28tYm9vbS5ydQowMDE2Y2lkIHR5cGUgPSBhY2Nlc3MKMDAxZGNpZCB0aW1lIDwgMTQ3NjExNTM2NzM4NwowMDJmc2lnbmF0dXJlIPkcqDeUMn0kh49Lw7MOBzWexejoibxH-08BRKu6alVnCg HTTP/1.1" 200 None
2016-10-10 18:02:49,669 INFO: Starting new HTTPS connection (1): matrix.bingo-boom.ru
2016-10-10 18:02:49,850 DEBUG: "PUT /_matrix/client/api/v1/rooms/%21HhgiEgnhwFwUyaYwAM%3Amatrix.bingo-boom.ru/send/m.room.message/0?access_token=MDAyMmxvY2F0aW9uIG1hdHJpeC5iaW5nby1ib29tLnJ1CjAwMTNpZGVudGlmaWVyIGtleQowMDEwY2lkIGdlbiA9IDEKMDAyZmNpZCB1c2VyX2lkID0gQG1hdHJpeDptYXRyaXguYmluZ28tYm9vbS5ydQowMDE2Y2lkIHR5cGUgPSBhY2Nlc3MKMDAxZGNpZCB0aW1lIDwgMTQ3NjExNTM2NzM4NwowMDJmc2lnbmF0dXJlIPkcqDeUMn0kh49Lw7MOBzWexejoibxH-08BRKu6alVnCg HTTP/1.1" 200 None
2016-10-10 18:02:49,855 INFO: Starting new HTTPS connection (1): matrix.bingo-boom.ru
2016-10-10 18:02:50,077 DEBUG: "GET /_matrix/client/api/v1/profile/@matrix:matrix.bingo-boom.ru/displayname?access_token=MDAyMmxvY2F0aW9uIG1hdHJpeC5iaW5nby1ib29tLnJ1CjAwMTNpZGVudGlmaWVyIGtleQowMDEwY2lkIGdlbiA9IDEKMDAyZmNpZCB1c2VyX2lkID0gQG1hdHJpeDptYXRyaXguYmluZ28tYm9vbS5ydQowMDE2Y2lkIHR5cGUgPSBhY2Nlc3MKMDAxZGNpZCB0aW1lIDwgMTQ3NjExNTM2NzM4NwowMDJmc2lnbmF0dXJlIPkcqDeUMn0kh49Lw7MOBzWexejoibxH-08BRKu6alVnCg HTTP/1.1" 200 None
2016-10-10 18:02:50,080 INFO: Current Display Name: Matrix
2016-10-10 18:02:50,081 INFO: Starting new HTTPS connection (1): matrix.bingo-boom.ru
2016-10-10 18:02:50,282 DEBUG: "PUT /_matrix/client/api/v1/profile/@matrix:matrix.bingo-boom.ru/displayname?access_token=MDAyMmxvY2F0aW9uIG1hdHJpeC5iaW5nby1ib29tLnJ1CjAwMTNpZGVudGlmaWVyIGtleQowMDEwY2lkIGdlbiA9IDEKMDAyZmNpZCB1c2VyX2lkID0gQG1hdHJpeDptYXRyaXguYmluZ28tYm9vbS5ydQowMDE2Y2lkIHR5cGUgPSBhY2Nlc3MKMDAxZGNpZCB0aW1lIDwgMTQ3NjExNTM2NzM4NwowMDJmc2lnbmF0dXJlIPkcqDeUMn0kh49Lw7MOBzWexejoibxH-08BRKu6alVnCg HTTP/1.1" 200 None
2016-10-10 18:11:26,165 INFO:   ===== BBot initialising ===== 
2016-10-10 18:11:26,166 INFO: Loading config from ./bbot.json
2016-10-10 18:11:26,166 INFO: Main module init ok ...
2016-10-10 18:11:26,174 INFO: Starting new HTTPS connection (1): matrix.bingo-boom.ru
2016-10-10 18:11:26,303 DEBUG: "POST /_matrix/client/api/v1/login HTTP/1.1" 200 None
2016-10-10 18:11:26,307 INFO: Starting new HTTPS connection (1): matrix.bingo-boom.ru
2016-10-10 18:11:26,514 DEBUG: "GET /_matrix/client/r0/sync?filter=%7B+%22room%22%3A+%7B+%22timeline%22+%3A+%7B+%22limit%22+%3A+1+%7D+%7D+%7D&access_token=MDAyMmxvY2F0aW9uIG1hdHJpeC5iaW5nby1ib29tLnJ1CjAwMTNpZGVudGlmaWVyIGtleQowMDEwY2lkIGdlbiA9IDEKMDAyZmNpZCB1c2VyX2lkID0gQG1hdHJpeDptYXRyaXguYmluZ28tYm9vbS5ydQowMDE2Y2lkIHR5cGUgPSBhY2Nlc3MKMDAxZGNpZCB0aW1lIDwgMTQ3NjExNTg4NDMzNwowMDJmc2lnbmF0dXJlIMjN8ohYXAeiA91fJVt42W-ylKQWB0AwBAKmJ-a3d_0pCg&timeout=30000 HTTP/1.1" 200 None
2016-10-10 18:11:26,518 INFO: User token is: MDAyMmxvY2F0aW9uIG1hdHJpeC5iaW5nby1ib29tLnJ1CjAwMTNpZGVudGlmaWVyIGtleQowMDEwY2lkIGdlbiA9IDEKMDAyZmNpZCB1c2VyX2lkID0gQG1hdHJpeDptYXRyaXguYmluZ28tYm9vbS5ydQowMDE2Y2lkIHR5cGUgPSBhY2Nlc3MKMDAxZGNpZCB0aW1lIDwgMTQ3NjExNTg4NDMzNwowMDJmc2lnbmF0dXJlIMjN8ohYXAeiA91fJVt42W-ylKQWB0AwBAKmJ-a3d_0pCg
2016-10-10 18:11:26,522 INFO: Starting new HTTPS connection (1): matrix.bingo-boom.ru
2016-10-10 18:11:26,605 DEBUG: "POST /_matrix/client/api/v1/join/%23admins%3Amatrix.bingo-boom.ru?access_token=MDAyMmxvY2F0aW9uIG1hdHJpeC5iaW5nby1ib29tLnJ1CjAwMTNpZGVudGlmaWVyIGtleQowMDEwY2lkIGdlbiA9IDEKMDAyZmNpZCB1c2VyX2lkID0gQG1hdHJpeDptYXRyaXguYmluZ28tYm9vbS5ydQowMDE2Y2lkIHR5cGUgPSBhY2Nlc3MKMDAxZGNpZCB0aW1lIDwgMTQ3NjExNTg4NDMzNwowMDJmc2lnbmF0dXJlIMjN8ohYXAeiA91fJVt42W-ylKQWB0AwBAKmJ-a3d_0pCg HTTP/1.1" 200 None
2016-10-10 18:11:26,610 INFO: Starting new HTTPS connection (1): matrix.bingo-boom.ru
2016-10-10 18:11:26,778 DEBUG: "PUT /_matrix/client/api/v1/rooms/%21HhgiEgnhwFwUyaYwAM%3Amatrix.bingo-boom.ru/send/m.room.message/0?access_token=MDAyMmxvY2F0aW9uIG1hdHJpeC5iaW5nby1ib29tLnJ1CjAwMTNpZGVudGlmaWVyIGtleQowMDEwY2lkIGdlbiA9IDEKMDAyZmNpZCB1c2VyX2lkID0gQG1hdHJpeDptYXRyaXguYmluZ28tYm9vbS5ydQowMDE2Y2lkIHR5cGUgPSBhY2Nlc3MKMDAxZGNpZCB0aW1lIDwgMTQ3NjExNTg4NDMzNwowMDJmc2lnbmF0dXJlIMjN8ohYXAeiA91fJVt42W-ylKQWB0AwBAKmJ-a3d_0pCg HTTP/1.1" 200 None
2016-10-10 18:11:26,782 INFO: Starting new HTTPS connection (1): matrix.bingo-boom.ru
2016-10-10 18:11:26,995 DEBUG: "GET /_matrix/client/api/v1/profile/@matrix:matrix.bingo-boom.ru/displayname?access_token=MDAyMmxvY2F0aW9uIG1hdHJpeC5iaW5nby1ib29tLnJ1CjAwMTNpZGVudGlmaWVyIGtleQowMDEwY2lkIGdlbiA9IDEKMDAyZmNpZCB1c2VyX2lkID0gQG1hdHJpeDptYXRyaXguYmluZ28tYm9vbS5ydQowMDE2Y2lkIHR5cGUgPSBhY2Nlc3MKMDAxZGNpZCB0aW1lIDwgMTQ3NjExNTg4NDMzNwowMDJmc2lnbmF0dXJlIMjN8ohYXAeiA91fJVt42W-ylKQWB0AwBAKmJ-a3d_0pCg HTTP/1.1" 200 None
2016-10-10 18:11:26,998 INFO: Current Display Name: Matrix
2016-10-10 18:11:26,999 INFO: Starting new HTTPS connection (1): matrix.bingo-boom.ru
2016-10-10 18:11:27,176 DEBUG: "PUT /_matrix/client/api/v1/profile/@matrix:matrix.bingo-boom.ru/displayname?access_token=MDAyMmxvY2F0aW9uIG1hdHJpeC5iaW5nby1ib29tLnJ1CjAwMTNpZGVudGlmaWVyIGtleQowMDEwY2lkIGdlbiA9IDEKMDAyZmNpZCB1c2VyX2lkID0gQG1hdHJpeDptYXRyaXguYmluZ28tYm9vbS5ydQowMDE2Y2lkIHR5cGUgPSBhY2Nlc3MKMDAxZGNpZCB0aW1lIDwgMTQ3NjExNTg4NDMzNwowMDJmc2lnbmF0dXJlIMjN8ohYXAeiA91fJVt42W-ylKQWB0AwBAKmJ-a3d_0pCg HTTP/1.1" 200 None
2016-10-10 18:18:55,812 INFO:   ===== BBot initialising ===== 
2016-10-10 18:18:55,812 INFO: Loading config from ./bbot.json
2016-10-10 18:18:55,813 INFO: Main module init ok ...
2016-10-10 18:18:55,821 INFO: Starting new HTTPS connection (1): matrix.bingo-boom.ru
2016-10-10 18:18:55,975 DEBUG: "POST /_matrix/client/api/v1/login HTTP/1.1" 200 None
2016-10-10 18:18:55,979 INFO: Starting new HTTPS connection (1): matrix.bingo-boom.ru
2016-10-10 18:18:56,161 DEBUG: "GET /_matrix/client/r0/sync?filter=%7B+%22room%22%3A+%7B+%22timeline%22+%3A+%7B+%22limit%22+%3A+1+%7D+%7D+%7D&access_token=MDAyMmxvY2F0aW9uIG1hdHJpeC5iaW5nby1ib29tLnJ1CjAwMTNpZGVudGlmaWVyIGtleQowMDEwY2lkIGdlbiA9IDEKMDAyZmNpZCB1c2VyX2lkID0gQG1hdHJpeDptYXRyaXguYmluZ28tYm9vbS5ydQowMDE2Y2lkIHR5cGUgPSBhY2Nlc3MKMDAxZGNpZCB0aW1lIDwgMTQ3NjExNjMzMzk5OQowMDJmc2lnbmF0dXJlIEj0LY-Vy0GpODzI12w5QBqEC0JkSGdk6TRPSTlEs7VFCg&timeout=30000 HTTP/1.1" 200 None
2016-10-10 18:18:56,166 INFO: User token is: MDAyMmxvY2F0aW9uIG1hdHJpeC5iaW5nby1ib29tLnJ1CjAwMTNpZGVudGlmaWVyIGtleQowMDEwY2lkIGdlbiA9IDEKMDAyZmNpZCB1c2VyX2lkID0gQG1hdHJpeDptYXRyaXguYmluZ28tYm9vbS5ydQowMDE2Y2lkIHR5cGUgPSBhY2Nlc3MKMDAxZGNpZCB0aW1lIDwgMTQ3NjExNjMzMzk5OQowMDJmc2lnbmF0dXJlIEj0LY-Vy0GpODzI12w5QBqEC0JkSGdk6TRPSTlEs7VFCg
2016-10-10 18:18:56,168 INFO: Starting new HTTPS connection (1): matrix.bingo-boom.ru
2016-10-10 18:18:56,253 DEBUG: "POST /_matrix/client/api/v1/join/%23admins%3Amatrix.bingo-boom.ru?access_token=MDAyMmxvY2F0aW9uIG1hdHJpeC5iaW5nby1ib29tLnJ1CjAwMTNpZGVudGlmaWVyIGtleQowMDEwY2lkIGdlbiA9IDEKMDAyZmNpZCB1c2VyX2lkID0gQG1hdHJpeDptYXRyaXguYmluZ28tYm9vbS5ydQowMDE2Y2lkIHR5cGUgPSBhY2Nlc3MKMDAxZGNpZCB0aW1lIDwgMTQ3NjExNjMzMzk5OQowMDJmc2lnbmF0dXJlIEj0LY-Vy0GpODzI12w5QBqEC0JkSGdk6TRPSTlEs7VFCg HTTP/1.1" 200 None
2016-10-10 18:18:56,258 INFO: Starting new HTTPS connection (1): matrix.bingo-boom.ru
2016-10-10 18:18:56,509 DEBUG: "PUT /_matrix/client/api/v1/rooms/%21HhgiEgnhwFwUyaYwAM%3Amatrix.bingo-boom.ru/send/m.room.message/0?access_token=MDAyMmxvY2F0aW9uIG1hdHJpeC5iaW5nby1ib29tLnJ1CjAwMTNpZGVudGlmaWVyIGtleQowMDEwY2lkIGdlbiA9IDEKMDAyZmNpZCB1c2VyX2lkID0gQG1hdHJpeDptYXRyaXguYmluZ28tYm9vbS5ydQowMDE2Y2lkIHR5cGUgPSBhY2Nlc3MKMDAxZGNpZCB0aW1lIDwgMTQ3NjExNjMzMzk5OQowMDJmc2lnbmF0dXJlIEj0LY-Vy0GpODzI12w5QBqEC0JkSGdk6TRPSTlEs7VFCg HTTP/1.1" 200 None
2016-10-10 18:18:56,514 INFO: Starting new HTTPS connection (1): matrix.bingo-boom.ru
2016-10-10 18:18:56,752 DEBUG: "GET /_matrix/client/api/v1/profile/@matrix:matrix.bingo-boom.ru/displayname?access_token=MDAyMmxvY2F0aW9uIG1hdHJpeC5iaW5nby1ib29tLnJ1CjAwMTNpZGVudGlmaWVyIGtleQowMDEwY2lkIGdlbiA9IDEKMDAyZmNpZCB1c2VyX2lkID0gQG1hdHJpeDptYXRyaXguYmluZ28tYm9vbS5ydQowMDE2Y2lkIHR5cGUgPSBhY2Nlc3MKMDAxZGNpZCB0aW1lIDwgMTQ3NjExNjMzMzk5OQowMDJmc2lnbmF0dXJlIEj0LY-Vy0GpODzI12w5QBqEC0JkSGdk6TRPSTlEs7VFCg HTTP/1.1" 200 None
2016-10-10 18:18:56,754 INFO: Current Display Name: Matrix
2016-10-10 18:18:56,755 INFO: Starting new HTTPS connection (1): matrix.bingo-boom.ru
2016-10-10 18:18:57,012 DEBUG: "PUT /_matrix/client/api/v1/profile/@matrix:matrix.bingo-boom.ru/displayname?access_token=MDAyMmxvY2F0aW9uIG1hdHJpeC5iaW5nby1ib29tLnJ1CjAwMTNpZGVudGlmaWVyIGtleQowMDEwY2lkIGdlbiA9IDEKMDAyZmNpZCB1c2VyX2lkID0gQG1hdHJpeDptYXRyaXguYmluZ28tYm9vbS5ydQowMDE2Y2lkIHR5cGUgPSBhY2Nlc3MKMDAxZGNpZCB0aW1lIDwgMTQ3NjExNjMzMzk5OQowMDJmc2lnbmF0dXJlIEj0LY-Vy0GpODzI12w5QBqEC0JkSGdk6TRPSTlEs7VFCg HTTP/1.1" 200 None
2016-10-10 18:18:57,023 INFO: Starting new HTTPS connection (1): matrix.bingo-boom.ru
2016-10-10 18:18:57,076 DEBUG: "GET /_matrix/client/r0/sync?filter=%7B+%22room%22%3A+%7B+%22timeline%22+%3A+%7B+%22limit%22+%3A+1+%7D+%7D+%7D&access_token=MDAyMmxvY2F0aW9uIG1hdHJpeC5iaW5nby1ib29tLnJ1CjAwMTNpZGVudGlmaWVyIGtleQowMDEwY2lkIGdlbiA9IDEKMDAyZmNpZCB1c2VyX2lkID0gQG1hdHJpeDptYXRyaXguYmluZ28tYm9vbS5ydQowMDE2Y2lkIHR5cGUgPSBhY2Nlc3MKMDAxZGNpZCB0aW1lIDwgMTQ3NjExNjMzMzk5OQowMDJmc2lnbmF0dXJlIEj0LY-Vy0GpODzI12w5QBqEC0JkSGdk6TRPSTlEs7VFCg&since=s2388_25822_252_3827_56_28_55&timeout=30000 HTTP/1.1" 200 None
2016-10-10 18:18:57,079 ERROR: Exception thrown during sync
 on_message() takes exactly 1 argument (2 given)
2016-10-10 18:18:57,081 INFO: Starting new HTTPS connection (1): matrix.bingo-boom.ru
2016-10-10 18:19:07,332 INFO: Starting new HTTPS connection (1): matrix.bingo-boom.ru
2016-10-10 18:19:07,568 DEBUG: "PUT /_matrix/client/api/v1/rooms/%21HhgiEgnhwFwUyaYwAM%3Amatrix.bingo-boom.ru/send/m.room.message/1?access_token=MDAyMmxvY2F0aW9uIG1hdHJpeC5iaW5nby1ib29tLnJ1CjAwMTNpZGVudGlmaWVyIGtleQowMDEwY2lkIGdlbiA9IDEKMDAyZmNpZCB1c2VyX2lkID0gQG1hdHJpeDptYXRyaXguYmluZ28tYm9vbS5ydQowMDE2Y2lkIHR5cGUgPSBhY2Nlc3MKMDAxZGNpZCB0aW1lIDwgMTQ3NjExNjMzMzk5OQowMDJmc2lnbmF0dXJlIEj0LY-Vy0GpODzI12w5QBqEC0JkSGdk6TRPSTlEs7VFCg HTTP/1.1" 200 None
2016-10-10 18:19:07,667 DEBUG: "GET /_matrix/client/r0/sync?filter=%7B+%22room%22%3A+%7B+%22timeline%22+%3A+%7B+%22limit%22+%3A+1+%7D+%7D+%7D&access_token=MDAyMmxvY2F0aW9uIG1hdHJpeC5iaW5nby1ib29tLnJ1CjAwMTNpZGVudGlmaWVyIGtleQowMDEwY2lkIGdlbiA9IDEKMDAyZmNpZCB1c2VyX2lkID0gQG1hdHJpeDptYXRyaXguYmluZ28tYm9vbS5ydQowMDE2Y2lkIHR5cGUgPSBhY2Nlc3MKMDAxZGNpZCB0aW1lIDwgMTQ3NjExNjMzMzk5OQowMDJmc2lnbmF0dXJlIEj0LY-Vy0GpODzI12w5QBqEC0JkSGdk6TRPSTlEs7VFCg&since=s2389_25822_252_3827_56_28_55&timeout=30000 HTTP/1.1" 200 None
2016-10-10 18:19:07,670 ERROR: Exception thrown during sync
 on_message() takes exactly 1 argument (2 given)
2016-10-10 18:19:07,671 INFO: Starting new HTTPS connection (1): matrix.bingo-boom.ru
2016-10-10 18:19:14,273 DEBUG: "GET /_matrix/client/r0/sync?filter=%7B+%22room%22%3A+%7B+%22timeline%22+%3A+%7B+%22limit%22+%3A+1+%7D+%7D+%7D&access_token=MDAyMmxvY2F0aW9uIG1hdHJpeC5iaW5nby1ib29tLnJ1CjAwMTNpZGVudGlmaWVyIGtleQowMDEwY2lkIGdlbiA9IDEKMDAyZmNpZCB1c2VyX2lkID0gQG1hdHJpeDptYXRyaXguYmluZ28tYm9vbS5ydQowMDE2Y2lkIHR5cGUgPSBhY2Nlc3MKMDAxZGNpZCB0aW1lIDwgMTQ3NjExNjMzMzk5OQowMDJmc2lnbmF0dXJlIEj0LY-Vy0GpODzI12w5QBqEC0JkSGdk6TRPSTlEs7VFCg&since=s2390_25822_252_3827_56_28_55&timeout=30000 HTTP/1.1" 200 None
2016-10-10 18:19:14,278 INFO: Starting new HTTPS connection (1): matrix.bingo-boom.ru
2016-10-10 18:19:28,139 INFO: Starting new HTTPS connection (1): matrix.bingo-boom.ru
2016-10-10 18:19:28,385 DEBUG: "PUT /_matrix/client/api/v1/rooms/%21HhgiEgnhwFwUyaYwAM%3Amatrix.bingo-boom.ru/send/m.room.message/2?access_token=MDAyMmxvY2F0aW9uIG1hdHJpeC5iaW5nby1ib29tLnJ1CjAwMTNpZGVudGlmaWVyIGtleQowMDEwY2lkIGdlbiA9IDEKMDAyZmNpZCB1c2VyX2lkID0gQG1hdHJpeDptYXRyaXguYmluZ28tYm9vbS5ydQowMDE2Y2lkIHR5cGUgPSBhY2Nlc3MKMDAxZGNpZCB0aW1lIDwgMTQ3NjExNjMzMzk5OQowMDJmc2lnbmF0dXJlIEj0LY-Vy0GpODzI12w5QBqEC0JkSGdk6TRPSTlEs7VFCg HTTP/1.1" 200 None
2016-10-10 18:19:28,552 DEBUG: "GET /_matrix/client/r0/sync?filter=%7B+%22room%22%3A+%7B+%22timeline%22+%3A+%7B+%22limit%22+%3A+1+%7D+%7D+%7D&access_token=MDAyMmxvY2F0aW9uIG1hdHJpeC5iaW5nby1ib29tLnJ1CjAwMTNpZGVudGlmaWVyIGtleQowMDEwY2lkIGdlbiA9IDEKMDAyZmNpZCB1c2VyX2lkID0gQG1hdHJpeDptYXRyaXguYmluZ28tYm9vbS5ydQowMDE2Y2lkIHR5cGUgPSBhY2Nlc3MKMDAxZGNpZCB0aW1lIDwgMTQ3NjExNjMzMzk5OQowMDJmc2lnbmF0dXJlIEj0LY-Vy0GpODzI12w5QBqEC0JkSGdk6TRPSTlEs7VFCg&since=s2390_25822_252_3828_56_28_55&timeout=30000 HTTP/1.1" 200 None
2016-10-10 18:19:28,554 ERROR: Exception thrown during sync
 on_message() takes exactly 1 argument (2 given)
2016-10-10 18:19:28,556 INFO: Starting new HTTPS connection (1): matrix.bingo-boom.ru
2016-10-10 18:19:36,352 DEBUG: "GET /_matrix/client/r0/sync?filter=%7B+%22room%22%3A+%7B+%22timeline%22+%3A+%7B+%22limit%22+%3A+1+%7D+%7D+%7D&access_token=MDAyMmxvY2F0aW9uIG1hdHJpeC5iaW5nby1ib29tLnJ1CjAwMTNpZGVudGlmaWVyIGtleQowMDEwY2lkIGdlbiA9IDEKMDAyZmNpZCB1c2VyX2lkID0gQG1hdHJpeDptYXRyaXguYmluZ28tYm9vbS5ydQowMDE2Y2lkIHR5cGUgPSBhY2Nlc3MKMDAxZGNpZCB0aW1lIDwgMTQ3NjExNjMzMzk5OQowMDJmc2lnbmF0dXJlIEj0LY-Vy0GpODzI12w5QBqEC0JkSGdk6TRPSTlEs7VFCg&since=s2391_25822_252_3828_56_28_55&timeout=30000 HTTP/1.1" 200 None
2016-10-10 18:19:36,356 INFO: Starting new HTTPS connection (1): matrix.bingo-boom.ru
2016-10-10 18:20:06,389 DEBUG: "GET /_matrix/client/r0/sync?filter=%7B+%22room%22%3A+%7B+%22timeline%22+%3A+%7B+%22limit%22+%3A+1+%7D+%7D+%7D&access_token=MDAyMmxvY2F0aW9uIG1hdHJpeC5iaW5nby1ib29tLnJ1CjAwMTNpZGVudGlmaWVyIGtleQowMDEwY2lkIGdlbiA9IDEKMDAyZmNpZCB1c2VyX2lkID0gQG1hdHJpeDptYXRyaXguYmluZ28tYm9vbS5ydQowMDE2Y2lkIHR5cGUgPSBhY2Nlc3MKMDAxZGNpZCB0aW1lIDwgMTQ3NjExNjMzMzk5OQowMDJmc2lnbmF0dXJlIEj0LY-Vy0GpODzI12w5QBqEC0JkSGdk6TRPSTlEs7VFCg&since=s2391_25822_252_3829_56_28_55&timeout=30000 HTTP/1.1" 200 None
2016-10-10 18:20:06,394 INFO: Starting new HTTPS connection (1): matrix.bingo-boom.ru
2016-10-10 18:20:36,432 DEBUG: "GET /_matrix/client/r0/sync?filter=%7B+%22room%22%3A+%7B+%22timeline%22+%3A+%7B+%22limit%22+%3A+1+%7D+%7D+%7D&access_token=MDAyMmxvY2F0aW9uIG1hdHJpeC5iaW5nby1ib29tLnJ1CjAwMTNpZGVudGlmaWVyIGtleQowMDEwY2lkIGdlbiA9IDEKMDAyZmNpZCB1c2VyX2lkID0gQG1hdHJpeDptYXRyaXguYmluZ28tYm9vbS5ydQowMDE2Y2lkIHR5cGUgPSBhY2Nlc3MKMDAxZGNpZCB0aW1lIDwgMTQ3NjExNjMzMzk5OQowMDJmc2lnbmF0dXJlIEj0LY-Vy0GpODzI12w5QBqEC0JkSGdk6TRPSTlEs7VFCg&since=s2391_25822_252_3829_56_28_55&timeout=30000 HTTP/1.1" 200 None
2016-10-10 18:20:36,436 INFO: Starting new HTTPS connection (1): matrix.bingo-boom.ru
2016-10-10 18:21:01,714 INFO: Starting new HTTPS connection (1): matrix.bingo-boom.ru
2016-10-10 18:21:01,931 DEBUG: "PUT /_matrix/client/api/v1/rooms/%21HhgiEgnhwFwUyaYwAM%3Amatrix.bingo-boom.ru/send/m.room.message/3?access_token=MDAyMmxvY2F0aW9uIG1hdHJpeC5iaW5nby1ib29tLnJ1CjAwMTNpZGVudGlmaWVyIGtleQowMDEwY2lkIGdlbiA9IDEKMDAyZmNpZCB1c2VyX2lkID0gQG1hdHJpeDptYXRyaXguYmluZ28tYm9vbS5ydQowMDE2Y2lkIHR5cGUgPSBhY2Nlc3MKMDAxZGNpZCB0aW1lIDwgMTQ3NjExNjMzMzk5OQowMDJmc2lnbmF0dXJlIEj0LY-Vy0GpODzI12w5QBqEC0JkSGdk6TRPSTlEs7VFCg HTTP/1.1" 200 None
2016-10-10 18:21:02,048 DEBUG: "GET /_matrix/client/r0/sync?filter=%7B+%22room%22%3A+%7B+%22timeline%22+%3A+%7B+%22limit%22+%3A+1+%7D+%7D+%7D&access_token=MDAyMmxvY2F0aW9uIG1hdHJpeC5iaW5nby1ib29tLnJ1CjAwMTNpZGVudGlmaWVyIGtleQowMDEwY2lkIGdlbiA9IDEKMDAyZmNpZCB1c2VyX2lkID0gQG1hdHJpeDptYXRyaXguYmluZ28tYm9vbS5ydQowMDE2Y2lkIHR5cGUgPSBhY2Nlc3MKMDAxZGNpZCB0aW1lIDwgMTQ3NjExNjMzMzk5OQowMDJmc2lnbmF0dXJlIEj0LY-Vy0GpODzI12w5QBqEC0JkSGdk6TRPSTlEs7VFCg&since=s2391_25822_252_3829_56_28_55&timeout=30000 HTTP/1.1" 200 None
2016-10-10 18:21:02,055 ERROR: Exception thrown during sync
 on_message() takes exactly 1 argument (2 given)
2016-10-10 18:21:02,058 INFO: Starting new HTTPS connection (1): matrix.bingo-boom.ru
2016-10-10 18:21:05,098 INFO: Starting new HTTPS connection (1): matrix.bingo-boom.ru
2016-10-10 18:21:05,339 DEBUG: "PUT /_matrix/client/api/v1/rooms/%21HhgiEgnhwFwUyaYwAM%3Amatrix.bingo-boom.ru/send/m.room.message/4?access_token=MDAyMmxvY2F0aW9uIG1hdHJpeC5iaW5nby1ib29tLnJ1CjAwMTNpZGVudGlmaWVyIGtleQowMDEwY2lkIGdlbiA9IDEKMDAyZmNpZCB1c2VyX2lkID0gQG1hdHJpeDptYXRyaXguYmluZ28tYm9vbS5ydQowMDE2Y2lkIHR5cGUgPSBhY2Nlc3MKMDAxZGNpZCB0aW1lIDwgMTQ3NjExNjMzMzk5OQowMDJmc2lnbmF0dXJlIEj0LY-Vy0GpODzI12w5QBqEC0JkSGdk6TRPSTlEs7VFCg HTTP/1.1" 200 None
2016-10-10 18:21:05,502 DEBUG: "GET /_matrix/client/r0/sync?filter=%7B+%22room%22%3A+%7B+%22timeline%22+%3A+%7B+%22limit%22+%3A+1+%7D+%7D+%7D&access_token=MDAyMmxvY2F0aW9uIG1hdHJpeC5iaW5nby1ib29tLnJ1CjAwMTNpZGVudGlmaWVyIGtleQowMDEwY2lkIGdlbiA9IDEKMDAyZmNpZCB1c2VyX2lkID0gQG1hdHJpeDptYXRyaXguYmluZ28tYm9vbS5ydQowMDE2Y2lkIHR5cGUgPSBhY2Nlc3MKMDAxZGNpZCB0aW1lIDwgMTQ3NjExNjMzMzk5OQowMDJmc2lnbmF0dXJlIEj0LY-Vy0GpODzI12w5QBqEC0JkSGdk6TRPSTlEs7VFCg&since=s2392_25822_252_3829_56_28_55&timeout=30000 HTTP/1.1" 200 None
2016-10-10 18:21:05,509 ERROR: Exception thrown during sync
 on_message() takes exactly 1 argument (2 given)
2016-10-10 18:21:05,511 INFO: Starting new HTTPS connection (1): matrix.bingo-boom.ru
2016-10-10 18:21:08,619 INFO: Starting new HTTPS connection (1): matrix.bingo-boom.ru
2016-10-10 18:21:08,835 DEBUG: "PUT /_matrix/client/api/v1/rooms/%21HhgiEgnhwFwUyaYwAM%3Amatrix.bingo-boom.ru/send/m.room.message/5?access_token=MDAyMmxvY2F0aW9uIG1hdHJpeC5iaW5nby1ib29tLnJ1CjAwMTNpZGVudGlmaWVyIGtleQowMDEwY2lkIGdlbiA9IDEKMDAyZmNpZCB1c2VyX2lkID0gQG1hdHJpeDptYXRyaXguYmluZ28tYm9vbS5ydQowMDE2Y2lkIHR5cGUgPSBhY2Nlc3MKMDAxZGNpZCB0aW1lIDwgMTQ3NjExNjMzMzk5OQowMDJmc2lnbmF0dXJlIEj0LY-Vy0GpODzI12w5QBqEC0JkSGdk6TRPSTlEs7VFCg HTTP/1.1" 200 None
2016-10-10 18:21:08,968 DEBUG: "GET /_matrix/client/r0/sync?filter=%7B+%22room%22%3A+%7B+%22timeline%22+%3A+%7B+%22limit%22+%3A+1+%7D+%7D+%7D&access_token=MDAyMmxvY2F0aW9uIG1hdHJpeC5iaW5nby1ib29tLnJ1CjAwMTNpZGVudGlmaWVyIGtleQowMDEwY2lkIGdlbiA9IDEKMDAyZmNpZCB1c2VyX2lkID0gQG1hdHJpeDptYXRyaXguYmluZ28tYm9vbS5ydQowMDE2Y2lkIHR5cGUgPSBhY2Nlc3MKMDAxZGNpZCB0aW1lIDwgMTQ3NjExNjMzMzk5OQowMDJmc2lnbmF0dXJlIEj0LY-Vy0GpODzI12w5QBqEC0JkSGdk6TRPSTlEs7VFCg&since=s2393_25822_252_3829_56_28_55&timeout=30000 HTTP/1.1" 200 None
2016-10-10 18:21:08,971 ERROR: Exception thrown during sync
 on_message() takes exactly 1 argument (2 given)
2016-10-10 18:21:08,979 INFO: Starting new HTTPS connection (1): matrix.bingo-boom.ru
2016-10-10 18:21:11,138 INFO: Starting new HTTPS connection (1): matrix.bingo-boom.ru
2016-10-10 18:21:11,420 DEBUG: "PUT /_matrix/client/api/v1/rooms/%21HhgiEgnhwFwUyaYwAM%3Amatrix.bingo-boom.ru/send/m.room.message/6?access_token=MDAyMmxvY2F0aW9uIG1hdHJpeC5iaW5nby1ib29tLnJ1CjAwMTNpZGVudGlmaWVyIGtleQowMDEwY2lkIGdlbiA9IDEKMDAyZmNpZCB1c2VyX2lkID0gQG1hdHJpeDptYXRyaXguYmluZ28tYm9vbS5ydQowMDE2Y2lkIHR5cGUgPSBhY2Nlc3MKMDAxZGNpZCB0aW1lIDwgMTQ3NjExNjMzMzk5OQowMDJmc2lnbmF0dXJlIEj0LY-Vy0GpODzI12w5QBqEC0JkSGdk6TRPSTlEs7VFCg HTTP/1.1" 200 None
2016-10-10 18:21:11,540 DEBUG: "GET /_matrix/client/r0/sync?filter=%7B+%22room%22%3A+%7B+%22timeline%22+%3A+%7B+%22limit%22+%3A+1+%7D+%7D+%7D&access_token=MDAyMmxvY2F0aW9uIG1hdHJpeC5iaW5nby1ib29tLnJ1CjAwMTNpZGVudGlmaWVyIGtleQowMDEwY2lkIGdlbiA9IDEKMDAyZmNpZCB1c2VyX2lkID0gQG1hdHJpeDptYXRyaXguYmluZ28tYm9vbS5ydQowMDE2Y2lkIHR5cGUgPSBhY2Nlc3MKMDAxZGNpZCB0aW1lIDwgMTQ3NjExNjMzMzk5OQowMDJmc2lnbmF0dXJlIEj0LY-Vy0GpODzI12w5QBqEC0JkSGdk6TRPSTlEs7VFCg&since=s2394_25822_252_3829_56_28_55&timeout=30000 HTTP/1.1" 200 None
2016-10-10 18:21:11,543 ERROR: Exception thrown during sync
 on_message() takes exactly 1 argument (2 given)
2016-10-10 18:21:11,550 INFO: Starting new HTTPS connection (1): matrix.bingo-boom.ru
2016-10-10 18:21:19,793 DEBUG: "GET /_matrix/client/r0/sync?filter=%7B+%22room%22%3A+%7B+%22timeline%22+%3A+%7B+%22limit%22+%3A+1+%7D+%7D+%7D&access_token=MDAyMmxvY2F0aW9uIG1hdHJpeC5iaW5nby1ib29tLnJ1CjAwMTNpZGVudGlmaWVyIGtleQowMDEwY2lkIGdlbiA9IDEKMDAyZmNpZCB1c2VyX2lkID0gQG1hdHJpeDptYXRyaXguYmluZ28tYm9vbS5ydQowMDE2Y2lkIHR5cGUgPSBhY2Nlc3MKMDAxZGNpZCB0aW1lIDwgMTQ3NjExNjMzMzk5OQowMDJmc2lnbmF0dXJlIEj0LY-Vy0GpODzI12w5QBqEC0JkSGdk6TRPSTlEs7VFCg&since=s2395_25822_252_3829_56_28_55&timeout=30000 HTTP/1.1" 200 None
2016-10-10 18:21:19,797 INFO: Starting new HTTPS connection (1): matrix.bingo-boom.ru
2016-10-10 18:21:21,429 DEBUG: "GET /_matrix/client/r0/sync?filter=%7B+%22room%22%3A+%7B+%22timeline%22+%3A+%7B+%22limit%22+%3A+1+%7D+%7D+%7D&access_token=MDAyMmxvY2F0aW9uIG1hdHJpeC5iaW5nby1ib29tLnJ1CjAwMTNpZGVudGlmaWVyIGtleQowMDEwY2lkIGdlbiA9IDEKMDAyZmNpZCB1c2VyX2lkID0gQG1hdHJpeDptYXRyaXguYmluZ28tYm9vbS5ydQowMDE2Y2lkIHR5cGUgPSBhY2Nlc3MKMDAxZGNpZCB0aW1lIDwgMTQ3NjExNjMzMzk5OQowMDJmc2lnbmF0dXJlIEj0LY-Vy0GpODzI12w5QBqEC0JkSGdk6TRPSTlEs7VFCg&since=s2395_25822_252_3830_56_28_55&timeout=30000 HTTP/1.1" 200 None
2016-10-10 18:21:21,433 INFO: Starting new HTTPS connection (1): matrix.bingo-boom.ru
2016-10-10 18:21:25,933 DEBUG: "GET /_matrix/client/r0/sync?filter=%7B+%22room%22%3A+%7B+%22timeline%22+%3A+%7B+%22limit%22+%3A+1+%7D+%7D+%7D&access_token=MDAyMmxvY2F0aW9uIG1hdHJpeC5iaW5nby1ib29tLnJ1CjAwMTNpZGVudGlmaWVyIGtleQowMDEwY2lkIGdlbiA9IDEKMDAyZmNpZCB1c2VyX2lkID0gQG1hdHJpeDptYXRyaXguYmluZ28tYm9vbS5ydQowMDE2Y2lkIHR5cGUgPSBhY2Nlc3MKMDAxZGNpZCB0aW1lIDwgMTQ3NjExNjMzMzk5OQowMDJmc2lnbmF0dXJlIEj0LY-Vy0GpODzI12w5QBqEC0JkSGdk6TRPSTlEs7VFCg&since=s2395_25822_252_3831_56_28_55&timeout=30000 HTTP/1.1" 200 None
2016-10-10 18:21:25,942 INFO: Starting new HTTPS connection (1): matrix.bingo-boom.ru
2016-10-10 18:21:26,974 DEBUG: "GET /_matrix/client/r0/sync?filter=%7B+%22room%22%3A+%7B+%22timeline%22+%3A+%7B+%22limit%22+%3A+1+%7D+%7D+%7D&access_token=MDAyMmxvY2F0aW9uIG1hdHJpeC5iaW5nby1ib29tLnJ1CjAwMTNpZGVudGlmaWVyIGtleQowMDEwY2lkIGdlbiA9IDEKMDAyZmNpZCB1c2VyX2lkID0gQG1hdHJpeDptYXRyaXguYmluZ28tYm9vbS5ydQowMDE2Y2lkIHR5cGUgPSBhY2Nlc3MKMDAxZGNpZCB0aW1lIDwgMTQ3NjExNjMzMzk5OQowMDJmc2lnbmF0dXJlIEj0LY-Vy0GpODzI12w5QBqEC0JkSGdk6TRPSTlEs7VFCg&since=s2395_25822_253_3831_56_28_55&timeout=30000 HTTP/1.1" 200 None
2016-10-10 18:21:26,988 INFO: Starting new HTTPS connection (1): matrix.bingo-boom.ru
2016-10-10 18:21:28,004 DEBUG: "GET /_matrix/client/r0/sync?filter=%7B+%22room%22%3A+%7B+%22timeline%22+%3A+%7B+%22limit%22+%3A+1+%7D+%7D+%7D&access_token=MDAyMmxvY2F0aW9uIG1hdHJpeC5iaW5nby1ib29tLnJ1CjAwMTNpZGVudGlmaWVyIGtleQowMDEwY2lkIGdlbiA9IDEKMDAyZmNpZCB1c2VyX2lkID0gQG1hdHJpeDptYXRyaXguYmluZ28tYm9vbS5ydQowMDE2Y2lkIHR5cGUgPSBhY2Nlc3MKMDAxZGNpZCB0aW1lIDwgMTQ3NjExNjMzMzk5OQowMDJmc2lnbmF0dXJlIEj0LY-Vy0GpODzI12w5QBqEC0JkSGdk6TRPSTlEs7VFCg&since=s2395_25822_254_3831_56_28_55&timeout=30000 HTTP/1.1" 200 None
2016-10-10 18:21:28,011 INFO: Starting new HTTPS connection (1): matrix.bingo-boom.ru
2016-10-10 18:21:29,134 DEBUG: "GET /_matrix/client/r0/sync?filter=%7B+%22room%22%3A+%7B+%22timeline%22+%3A+%7B+%22limit%22+%3A+1+%7D+%7D+%7D&access_token=MDAyMmxvY2F0aW9uIG1hdHJpeC5iaW5nby1ib29tLnJ1CjAwMTNpZGVudGlmaWVyIGtleQowMDEwY2lkIGdlbiA9IDEKMDAyZmNpZCB1c2VyX2lkID0gQG1hdHJpeDptYXRyaXguYmluZ28tYm9vbS5ydQowMDE2Y2lkIHR5cGUgPSBhY2Nlc3MKMDAxZGNpZCB0aW1lIDwgMTQ3NjExNjMzMzk5OQowMDJmc2lnbmF0dXJlIEj0LY-Vy0GpODzI12w5QBqEC0JkSGdk6TRPSTlEs7VFCg&since=s2395_25822_255_3831_56_28_55&timeout=30000 HTTP/1.1" 200 None
2016-10-10 18:21:29,140 INFO: Starting new HTTPS connection (1): matrix.bingo-boom.ru
2016-10-10 18:21:29,484 DEBUG: "GET /_matrix/client/r0/sync?filter=%7B+%22room%22%3A+%7B+%22timeline%22+%3A+%7B+%22limit%22+%3A+1+%7D+%7D+%7D&access_token=MDAyMmxvY2F0aW9uIG1hdHJpeC5iaW5nby1ib29tLnJ1CjAwMTNpZGVudGlmaWVyIGtleQowMDEwY2lkIGdlbiA9IDEKMDAyZmNpZCB1c2VyX2lkID0gQG1hdHJpeDptYXRyaXguYmluZ28tYm9vbS5ydQowMDE2Y2lkIHR5cGUgPSBhY2Nlc3MKMDAxZGNpZCB0aW1lIDwgMTQ3NjExNjMzMzk5OQowMDJmc2lnbmF0dXJlIEj0LY-Vy0GpODzI12w5QBqEC0JkSGdk6TRPSTlEs7VFCg&since=s2395_25822_256_3831_56_28_55&timeout=30000 HTTP/1.1" 200 None
2016-10-10 18:21:29,491 ERROR: Exception thrown during sync
 on_message() takes exactly 1 argument (2 given)
2016-10-10 18:21:29,493 INFO: Starting new HTTPS connection (1): matrix.bingo-boom.ru
2016-10-10 18:21:29,732 DEBUG: "GET /_matrix/client/r0/sync?filter=%7B+%22room%22%3A+%7B+%22timeline%22+%3A+%7B+%22limit%22+%3A+1+%7D+%7D+%7D&access_token=MDAyMmxvY2F0aW9uIG1hdHJpeC5iaW5nby1ib29tLnJ1CjAwMTNpZGVudGlmaWVyIGtleQowMDEwY2lkIGdlbiA9IDEKMDAyZmNpZCB1c2VyX2lkID0gQG1hdHJpeDptYXRyaXguYmluZ28tYm9vbS5ydQowMDE2Y2lkIHR5cGUgPSBhY2Nlc3MKMDAxZGNpZCB0aW1lIDwgMTQ3NjExNjMzMzk5OQowMDJmc2lnbmF0dXJlIEj0LY-Vy0GpODzI12w5QBqEC0JkSGdk6TRPSTlEs7VFCg&since=s2396_25822_256_3831_56_28_55&timeout=30000 HTTP/1.1" 200 None
2016-10-10 18:21:29,736 INFO: Starting new HTTPS connection (1): matrix.bingo-boom.ru
2016-10-10 18:21:30,673 DEBUG: "GET /_matrix/client/r0/sync?filter=%7B+%22room%22%3A+%7B+%22timeline%22+%3A+%7B+%22limit%22+%3A+1+%7D+%7D+%7D&access_token=MDAyMmxvY2F0aW9uIG1hdHJpeC5iaW5nby1ib29tLnJ1CjAwMTNpZGVudGlmaWVyIGtleQowMDEwY2lkIGdlbiA9IDEKMDAyZmNpZCB1c2VyX2lkID0gQG1hdHJpeDptYXRyaXguYmluZ28tYm9vbS5ydQowMDE2Y2lkIHR5cGUgPSBhY2Nlc3MKMDAxZGNpZCB0aW1lIDwgMTQ3NjExNjMzMzk5OQowMDJmc2lnbmF0dXJlIEj0LY-Vy0GpODzI12w5QBqEC0JkSGdk6TRPSTlEs7VFCg&since=s2396_25822_257_3831_56_28_55&timeout=30000 HTTP/1.1" 200 None
2016-10-10 18:21:30,684 INFO: Starting new HTTPS connection (1): matrix.bingo-boom.ru
2016-10-10 18:21:31,062 DEBUG: "GET /_matrix/client/r0/sync?filter=%7B+%22room%22%3A+%7B+%22timeline%22+%3A+%7B+%22limit%22+%3A+1+%7D+%7D+%7D&access_token=MDAyMmxvY2F0aW9uIG1hdHJpeC5iaW5nby1ib29tLnJ1CjAwMTNpZGVudGlmaWVyIGtleQowMDEwY2lkIGdlbiA9IDEKMDAyZmNpZCB1c2VyX2lkID0gQG1hdHJpeDptYXRyaXguYmluZ28tYm9vbS5ydQowMDE2Y2lkIHR5cGUgPSBhY2Nlc3MKMDAxZGNpZCB0aW1lIDwgMTQ3NjExNjMzMzk5OQowMDJmc2lnbmF0dXJlIEj0LY-Vy0GpODzI12w5QBqEC0JkSGdk6TRPSTlEs7VFCg&since=s2396_25822_258_3831_56_28_55&timeout=30000 HTTP/1.1" 200 None
2016-10-10 18:21:31,067 ERROR: Exception thrown during sync
 on_message() takes exactly 1 argument (2 given)
2016-10-10 18:21:31,078 INFO: Starting new HTTPS connection (1): matrix.bingo-boom.ru
2016-10-10 18:21:31,327 DEBUG: "GET /_matrix/client/r0/sync?filter=%7B+%22room%22%3A+%7B+%22timeline%22+%3A+%7B+%22limit%22+%3A+1+%7D+%7D+%7D&access_token=MDAyMmxvY2F0aW9uIG1hdHJpeC5iaW5nby1ib29tLnJ1CjAwMTNpZGVudGlmaWVyIGtleQowMDEwY2lkIGdlbiA9IDEKMDAyZmNpZCB1c2VyX2lkID0gQG1hdHJpeDptYXRyaXguYmluZ28tYm9vbS5ydQowMDE2Y2lkIHR5cGUgPSBhY2Nlc3MKMDAxZGNpZCB0aW1lIDwgMTQ3NjExNjMzMzk5OQowMDJmc2lnbmF0dXJlIEj0LY-Vy0GpODzI12w5QBqEC0JkSGdk6TRPSTlEs7VFCg&since=s2397_25822_258_3831_56_28_55&timeout=30000 HTTP/1.1" 200 None
2016-10-10 18:21:31,338 INFO: Starting new HTTPS connection (1): matrix.bingo-boom.ru
2016-10-10 18:21:32,796 DEBUG: "GET /_matrix/client/r0/sync?filter=%7B+%22room%22%3A+%7B+%22timeline%22+%3A+%7B+%22limit%22+%3A+1+%7D+%7D+%7D&access_token=MDAyMmxvY2F0aW9uIG1hdHJpeC5iaW5nby1ib29tLnJ1CjAwMTNpZGVudGlmaWVyIGtleQowMDEwY2lkIGdlbiA9IDEKMDAyZmNpZCB1c2VyX2lkID0gQG1hdHJpeDptYXRyaXguYmluZ28tYm9vbS5ydQowMDE2Y2lkIHR5cGUgPSBhY2Nlc3MKMDAxZGNpZCB0aW1lIDwgMTQ3NjExNjMzMzk5OQowMDJmc2lnbmF0dXJlIEj0LY-Vy0GpODzI12w5QBqEC0JkSGdk6TRPSTlEs7VFCg&since=s2397_25822_259_3831_56_28_55&timeout=30000 HTTP/1.1" 200 None
2016-10-10 18:21:32,805 INFO: Starting new HTTPS connection (1): matrix.bingo-boom.ru
2016-10-10 18:21:33,114 DEBUG: "GET /_matrix/client/r0/sync?filter=%7B+%22room%22%3A+%7B+%22timeline%22+%3A+%7B+%22limit%22+%3A+1+%7D+%7D+%7D&access_token=MDAyMmxvY2F0aW9uIG1hdHJpeC5iaW5nby1ib29tLnJ1CjAwMTNpZGVudGlmaWVyIGtleQowMDEwY2lkIGdlbiA9IDEKMDAyZmNpZCB1c2VyX2lkID0gQG1hdHJpeDptYXRyaXguYmluZ28tYm9vbS5ydQowMDE2Y2lkIHR5cGUgPSBhY2Nlc3MKMDAxZGNpZCB0aW1lIDwgMTQ3NjExNjMzMzk5OQowMDJmc2lnbmF0dXJlIEj0LY-Vy0GpODzI12w5QBqEC0JkSGdk6TRPSTlEs7VFCg&since=s2397_25822_260_3831_56_28_55&timeout=30000 HTTP/1.1" 200 None
2016-10-10 18:21:33,118 ERROR: Exception thrown during sync
 on_message() takes exactly 1 argument (2 given)
2016-10-10 18:21:33,122 INFO: Starting new HTTPS connection (1): matrix.bingo-boom.ru
2016-10-10 18:21:33,751 DEBUG: "GET /_matrix/client/r0/sync?filter=%7B+%22room%22%3A+%7B+%22timeline%22+%3A+%7B+%22limit%22+%3A+1+%7D+%7D+%7D&access_token=MDAyMmxvY2F0aW9uIG1hdHJpeC5iaW5nby1ib29tLnJ1CjAwMTNpZGVudGlmaWVyIGtleQowMDEwY2lkIGdlbiA9IDEKMDAyZmNpZCB1c2VyX2lkID0gQG1hdHJpeDptYXRyaXguYmluZ28tYm9vbS5ydQowMDE2Y2lkIHR5cGUgPSBhY2Nlc3MKMDAxZGNpZCB0aW1lIDwgMTQ3NjExNjMzMzk5OQowMDJmc2lnbmF0dXJlIEj0LY-Vy0GpODzI12w5QBqEC0JkSGdk6TRPSTlEs7VFCg&since=s2398_25822_260_3831_56_28_55&timeout=30000 HTTP/1.1" 200 None
2016-10-10 18:21:33,756 INFO: Starting new HTTPS connection (1): matrix.bingo-boom.ru
2016-10-10 18:21:34,838 DEBUG: "GET /_matrix/client/r0/sync?filter=%7B+%22room%22%3A+%7B+%22timeline%22+%3A+%7B+%22limit%22+%3A+1+%7D+%7D+%7D&access_token=MDAyMmxvY2F0aW9uIG1hdHJpeC5iaW5nby1ib29tLnJ1CjAwMTNpZGVudGlmaWVyIGtleQowMDEwY2lkIGdlbiA9IDEKMDAyZmNpZCB1c2VyX2lkID0gQG1hdHJpeDptYXRyaXguYmluZ28tYm9vbS5ydQowMDE2Y2lkIHR5cGUgPSBhY2Nlc3MKMDAxZGNpZCB0aW1lIDwgMTQ3NjExNjMzMzk5OQowMDJmc2lnbmF0dXJlIEj0LY-Vy0GpODzI12w5QBqEC0JkSGdk6TRPSTlEs7VFCg&since=s2398_25822_261_3831_56_28_55&timeout=30000 HTTP/1.1" 200 None
2016-10-10 18:21:34,843 INFO: Starting new HTTPS connection (1): matrix.bingo-boom.ru
2016-10-10 18:21:35,375 DEBUG: "GET /_matrix/client/r0/sync?filter=%7B+%22room%22%3A+%7B+%22timeline%22+%3A+%7B+%22limit%22+%3A+1+%7D+%7D+%7D&access_token=MDAyMmxvY2F0aW9uIG1hdHJpeC5iaW5nby1ib29tLnJ1CjAwMTNpZGVudGlmaWVyIGtleQowMDEwY2lkIGdlbiA9IDEKMDAyZmNpZCB1c2VyX2lkID0gQG1hdHJpeDptYXRyaXguYmluZ28tYm9vbS5ydQowMDE2Y2lkIHR5cGUgPSBhY2Nlc3MKMDAxZGNpZCB0aW1lIDwgMTQ3NjExNjMzMzk5OQowMDJmc2lnbmF0dXJlIEj0LY-Vy0GpODzI12w5QBqEC0JkSGdk6TRPSTlEs7VFCg&since=s2398_25822_262_3831_56_28_55&timeout=30000 HTTP/1.1" 200 None
2016-10-10 18:21:35,378 ERROR: Exception thrown during sync
 on_message() takes exactly 1 argument (2 given)
2016-10-10 18:21:35,379 INFO: Starting new HTTPS connection (1): matrix.bingo-boom.ru
2016-10-10 18:21:48,362 INFO: Starting new HTTPS connection (1): matrix.bingo-boom.ru
2016-10-10 18:21:48,593 DEBUG: "PUT /_matrix/client/api/v1/rooms/%21HhgiEgnhwFwUyaYwAM%3Amatrix.bingo-boom.ru/send/m.room.message/7?access_token=MDAyMmxvY2F0aW9uIG1hdHJpeC5iaW5nby1ib29tLnJ1CjAwMTNpZGVudGlmaWVyIGtleQowMDEwY2lkIGdlbiA9IDEKMDAyZmNpZCB1c2VyX2lkID0gQG1hdHJpeDptYXRyaXguYmluZ28tYm9vbS5ydQowMDE2Y2lkIHR5cGUgPSBhY2Nlc3MKMDAxZGNpZCB0aW1lIDwgMTQ3NjExNjMzMzk5OQowMDJmc2lnbmF0dXJlIEj0LY-Vy0GpODzI12w5QBqEC0JkSGdk6TRPSTlEs7VFCg HTTP/1.1" 200 None
2016-10-10 18:21:48,692 DEBUG: "GET /_matrix/client/r0/sync?filter=%7B+%22room%22%3A+%7B+%22timeline%22+%3A+%7B+%22limit%22+%3A+1+%7D+%7D+%7D&access_token=MDAyMmxvY2F0aW9uIG1hdHJpeC5iaW5nby1ib29tLnJ1CjAwMTNpZGVudGlmaWVyIGtleQowMDEwY2lkIGdlbiA9IDEKMDAyZmNpZCB1c2VyX2lkID0gQG1hdHJpeDptYXRyaXguYmluZ28tYm9vbS5ydQowMDE2Y2lkIHR5cGUgPSBhY2Nlc3MKMDAxZGNpZCB0aW1lIDwgMTQ3NjExNjMzMzk5OQowMDJmc2lnbmF0dXJlIEj0LY-Vy0GpODzI12w5QBqEC0JkSGdk6TRPSTlEs7VFCg&since=s2399_25822_262_3831_56_28_55&timeout=30000 HTTP/1.1" 200 None
2016-10-10 18:21:48,695 ERROR: Exception thrown during sync
 on_message() takes exactly 1 argument (2 given)
2016-10-10 18:21:48,699 INFO: Starting new HTTPS connection (1): matrix.bingo-boom.ru
2016-10-10 18:21:56,776 DEBUG: "GET /_matrix/client/r0/sync?filter=%7B+%22room%22%3A+%7B+%22timeline%22+%3A+%7B+%22limit%22+%3A+1+%7D+%7D+%7D&access_token=MDAyMmxvY2F0aW9uIG1hdHJpeC5iaW5nby1ib29tLnJ1CjAwMTNpZGVudGlmaWVyIGtleQowMDEwY2lkIGdlbiA9IDEKMDAyZmNpZCB1c2VyX2lkID0gQG1hdHJpeDptYXRyaXguYmluZ28tYm9vbS5ydQowMDE2Y2lkIHR5cGUgPSBhY2Nlc3MKMDAxZGNpZCB0aW1lIDwgMTQ3NjExNjMzMzk5OQowMDJmc2lnbmF0dXJlIEj0LY-Vy0GpODzI12w5QBqEC0JkSGdk6TRPSTlEs7VFCg&since=s2400_25822_262_3831_56_28_55&timeout=30000 HTTP/1.1" 200 None
2016-10-10 18:21:56,781 INFO: Starting new HTTPS connection (1): matrix.bingo-boom.ru
2016-10-10 18:22:26,816 DEBUG: "GET /_matrix/client/r0/sync?filter=%7B+%22room%22%3A+%7B+%22timeline%22+%3A+%7B+%22limit%22+%3A+1+%7D+%7D+%7D&access_token=MDAyMmxvY2F0aW9uIG1hdHJpeC5iaW5nby1ib29tLnJ1CjAwMTNpZGVudGlmaWVyIGtleQowMDEwY2lkIGdlbiA9IDEKMDAyZmNpZCB1c2VyX2lkID0gQG1hdHJpeDptYXRyaXguYmluZ28tYm9vbS5ydQowMDE2Y2lkIHR5cGUgPSBhY2Nlc3MKMDAxZGNpZCB0aW1lIDwgMTQ3NjExNjMzMzk5OQowMDJmc2lnbmF0dXJlIEj0LY-Vy0GpODzI12w5QBqEC0JkSGdk6TRPSTlEs7VFCg&since=s2400_25822_262_3832_56_28_55&timeout=30000 HTTP/1.1" 200 None
2016-10-10 18:22:26,822 INFO: Starting new HTTPS connection (1): matrix.bingo-boom.ru
2016-10-10 18:28:41,858 INFO:   ===== BBot initialising ===== 
2016-10-10 18:28:41,858 INFO: Loading config from ./bbot.json
2016-10-10 18:28:41,859 INFO: Main module init ok ...
2016-10-10 18:28:41,867 INFO: Starting new HTTPS connection (1): matrix.bingo-boom.ru
2016-10-10 18:28:42,032 DEBUG: "POST /_matrix/client/api/v1/login HTTP/1.1" 200 None
2016-10-10 18:28:42,037 INFO: Starting new HTTPS connection (1): matrix.bingo-boom.ru
2016-10-10 18:28:42,315 DEBUG: "GET /_matrix/client/r0/sync?filter=%7B+%22room%22%3A+%7B+%22timeline%22+%3A+%7B+%22limit%22+%3A+1+%7D+%7D+%7D&access_token=MDAyMmxvY2F0aW9uIG1hdHJpeC5iaW5nby1ib29tLnJ1CjAwMTNpZGVudGlmaWVyIGtleQowMDEwY2lkIGdlbiA9IDEKMDAyZmNpZCB1c2VyX2lkID0gQG1hdHJpeDptYXRyaXguYmluZ28tYm9vbS5ydQowMDE2Y2lkIHR5cGUgPSBhY2Nlc3MKMDAxZGNpZCB0aW1lIDwgMTQ3NjExNjkyMDA0OAowMDJmc2lnbmF0dXJlIID3QVX4BrMTwjhsxqnV46qIwS6KfLzLy601mx83mJmpCg&timeout=30000 HTTP/1.1" 200 None
2016-10-10 18:28:42,320 INFO: User token is: MDAyMmxvY2F0aW9uIG1hdHJpeC5iaW5nby1ib29tLnJ1CjAwMTNpZGVudGlmaWVyIGtleQowMDEwY2lkIGdlbiA9IDEKMDAyZmNpZCB1c2VyX2lkID0gQG1hdHJpeDptYXRyaXguYmluZ28tYm9vbS5ydQowMDE2Y2lkIHR5cGUgPSBhY2Nlc3MKMDAxZGNpZCB0aW1lIDwgMTQ3NjExNjkyMDA0OAowMDJmc2lnbmF0dXJlIID3QVX4BrMTwjhsxqnV46qIwS6KfLzLy601mx83mJmpCg
2016-10-10 18:28:42,322 INFO: Starting new HTTPS connection (1): matrix.bingo-boom.ru
2016-10-10 18:28:42,415 DEBUG: "POST /_matrix/client/api/v1/join/%23admins%3Amatrix.bingo-boom.ru?access_token=MDAyMmxvY2F0aW9uIG1hdHJpeC5iaW5nby1ib29tLnJ1CjAwMTNpZGVudGlmaWVyIGtleQowMDEwY2lkIGdlbiA9IDEKMDAyZmNpZCB1c2VyX2lkID0gQG1hdHJpeDptYXRyaXguYmluZ28tYm9vbS5ydQowMDE2Y2lkIHR5cGUgPSBhY2Nlc3MKMDAxZGNpZCB0aW1lIDwgMTQ3NjExNjkyMDA0OAowMDJmc2lnbmF0dXJlIID3QVX4BrMTwjhsxqnV46qIwS6KfLzLy601mx83mJmpCg HTTP/1.1" 200 None
2016-10-10 18:28:42,419 INFO: Starting new HTTPS connection (1): matrix.bingo-boom.ru
2016-10-10 18:28:42,615 DEBUG: "PUT /_matrix/client/api/v1/rooms/%21HhgiEgnhwFwUyaYwAM%3Amatrix.bingo-boom.ru/send/m.room.message/0?access_token=MDAyMmxvY2F0aW9uIG1hdHJpeC5iaW5nby1ib29tLnJ1CjAwMTNpZGVudGlmaWVyIGtleQowMDEwY2lkIGdlbiA9IDEKMDAyZmNpZCB1c2VyX2lkID0gQG1hdHJpeDptYXRyaXguYmluZ28tYm9vbS5ydQowMDE2Y2lkIHR5cGUgPSBhY2Nlc3MKMDAxZGNpZCB0aW1lIDwgMTQ3NjExNjkyMDA0OAowMDJmc2lnbmF0dXJlIID3QVX4BrMTwjhsxqnV46qIwS6KfLzLy601mx83mJmpCg HTTP/1.1" 200 None
2016-10-10 18:28:42,620 INFO: Starting new HTTPS connection (1): matrix.bingo-boom.ru
2016-10-10 18:28:42,854 DEBUG: "GET /_matrix/client/api/v1/profile/@matrix:matrix.bingo-boom.ru/displayname?access_token=MDAyMmxvY2F0aW9uIG1hdHJpeC5iaW5nby1ib29tLnJ1CjAwMTNpZGVudGlmaWVyIGtleQowMDEwY2lkIGdlbiA9IDEKMDAyZmNpZCB1c2VyX2lkID0gQG1hdHJpeDptYXRyaXguYmluZ28tYm9vbS5ydQowMDE2Y2lkIHR5cGUgPSBhY2Nlc3MKMDAxZGNpZCB0aW1lIDwgMTQ3NjExNjkyMDA0OAowMDJmc2lnbmF0dXJlIID3QVX4BrMTwjhsxqnV46qIwS6KfLzLy601mx83mJmpCg HTTP/1.1" 200 None
2016-10-10 18:28:42,857 INFO: Current Display Name: Matrix
2016-10-10 18:28:42,859 INFO: Starting new HTTPS connection (1): matrix.bingo-boom.ru
2016-10-10 18:28:43,261 DEBUG: "PUT /_matrix/client/api/v1/profile/@matrix:matrix.bingo-boom.ru/displayname?access_token=MDAyMmxvY2F0aW9uIG1hdHJpeC5iaW5nby1ib29tLnJ1CjAwMTNpZGVudGlmaWVyIGtleQowMDEwY2lkIGdlbiA9IDEKMDAyZmNpZCB1c2VyX2lkID0gQG1hdHJpeDptYXRyaXguYmluZ28tYm9vbS5ydQowMDE2Y2lkIHR5cGUgPSBhY2Nlc3MKMDAxZGNpZCB0aW1lIDwgMTQ3NjExNjkyMDA0OAowMDJmc2lnbmF0dXJlIID3QVX4BrMTwjhsxqnV46qIwS6KfLzLy601mx83mJmpCg HTTP/1.1" 200 None
2016-10-10 18:28:43,276 INFO: Starting new HTTPS connection (1): matrix.bingo-boom.ru
2016-10-10 18:28:43,335 DEBUG: "GET /_matrix/client/r0/sync?filter=%7B+%22room%22%3A+%7B+%22timeline%22+%3A+%7B+%22limit%22+%3A+1+%7D+%7D+%7D&access_token=MDAyMmxvY2F0aW9uIG1hdHJpeC5iaW5nby1ib29tLnJ1CjAwMTNpZGVudGlmaWVyIGtleQowMDEwY2lkIGdlbiA9IDEKMDAyZmNpZCB1c2VyX2lkID0gQG1hdHJpeDptYXRyaXguYmluZ28tYm9vbS5ydQowMDE2Y2lkIHR5cGUgPSBhY2Nlc3MKMDAxZGNpZCB0aW1lIDwgMTQ3NjExNjkyMDA0OAowMDJmc2lnbmF0dXJlIID3QVX4BrMTwjhsxqnV46qIwS6KfLzLy601mx83mJmpCg&since=s2402_25833_264_3835_56_28_55&timeout=30000 HTTP/1.1" 200 None
2016-10-10 18:28:43,339 ERROR: Exception thrown during sync
 on_message() takes exactly 1 argument (2 given)
2016-10-10 18:28:43,340 INFO: Starting new HTTPS connection (1): matrix.bingo-boom.ru
2016-10-10 18:28:51,726 DEBUG: "GET /_matrix/client/r0/sync?filter=%7B+%22room%22%3A+%7B+%22timeline%22+%3A+%7B+%22limit%22+%3A+1+%7D+%7D+%7D&access_token=MDAyMmxvY2F0aW9uIG1hdHJpeC5iaW5nby1ib29tLnJ1CjAwMTNpZGVudGlmaWVyIGtleQowMDEwY2lkIGdlbiA9IDEKMDAyZmNpZCB1c2VyX2lkID0gQG1hdHJpeDptYXRyaXguYmluZ28tYm9vbS5ydQowMDE2Y2lkIHR5cGUgPSBhY2Nlc3MKMDAxZGNpZCB0aW1lIDwgMTQ3NjExNjkyMDA0OAowMDJmc2lnbmF0dXJlIID3QVX4BrMTwjhsxqnV46qIwS6KfLzLy601mx83mJmpCg&since=s2403_25833_264_3835_56_28_55&timeout=30000 HTTP/1.1" 200 None
2016-10-10 18:28:51,731 INFO: Starting new HTTPS connection (1): matrix.bingo-boom.ru
2016-10-10 18:29:21,768 DEBUG: "GET /_matrix/client/r0/sync?filter=%7B+%22room%22%3A+%7B+%22timeline%22+%3A+%7B+%22limit%22+%3A+1+%7D+%7D+%7D&access_token=MDAyMmxvY2F0aW9uIG1hdHJpeC5iaW5nby1ib29tLnJ1CjAwMTNpZGVudGlmaWVyIGtleQowMDEwY2lkIGdlbiA9IDEKMDAyZmNpZCB1c2VyX2lkID0gQG1hdHJpeDptYXRyaXguYmluZ28tYm9vbS5ydQowMDE2Y2lkIHR5cGUgPSBhY2Nlc3MKMDAxZGNpZCB0aW1lIDwgMTQ3NjExNjkyMDA0OAowMDJmc2lnbmF0dXJlIID3QVX4BrMTwjhsxqnV46qIwS6KfLzLy601mx83mJmpCg&since=s2403_25833_264_3836_56_28_55&timeout=30000 HTTP/1.1" 200 None
2016-10-10 18:29:21,773 INFO: Starting new HTTPS connection (1): matrix.bingo-boom.ru
2016-10-10 18:29:51,823 DEBUG: "GET /_matrix/client/r0/sync?filter=%7B+%22room%22%3A+%7B+%22timeline%22+%3A+%7B+%22limit%22+%3A+1+%7D+%7D+%7D&access_token=MDAyMmxvY2F0aW9uIG1hdHJpeC5iaW5nby1ib29tLnJ1CjAwMTNpZGVudGlmaWVyIGtleQowMDEwY2lkIGdlbiA9IDEKMDAyZmNpZCB1c2VyX2lkID0gQG1hdHJpeDptYXRyaXguYmluZ28tYm9vbS5ydQowMDE2Y2lkIHR5cGUgPSBhY2Nlc3MKMDAxZGNpZCB0aW1lIDwgMTQ3NjExNjkyMDA0OAowMDJmc2lnbmF0dXJlIID3QVX4BrMTwjhsxqnV46qIwS6KfLzLy601mx83mJmpCg&since=s2403_25833_264_3836_56_28_55&timeout=30000 HTTP/1.1" 200 None
2016-10-10 18:29:51,827 INFO: Starting new HTTPS connection (1): matrix.bingo-boom.ru
2016-10-10 18:30:00,577 INFO:   ===== BBot initialising ===== 
2016-10-10 18:30:00,577 INFO: Loading config from ./bbot.json
2016-10-10 18:30:00,578 INFO: Main module init ok ...
2016-10-10 18:30:00,585 INFO: Starting new HTTPS connection (1): matrix.bingo-boom.ru
2016-10-10 18:30:00,731 DEBUG: "POST /_matrix/client/api/v1/login HTTP/1.1" 200 None
2016-10-10 18:30:00,736 INFO: Starting new HTTPS connection (1): matrix.bingo-boom.ru
2016-10-10 18:30:00,871 DEBUG: "GET /_matrix/client/r0/sync?filter=%7B+%22room%22%3A+%7B+%22timeline%22+%3A+%7B+%22limit%22+%3A+1+%7D+%7D+%7D&access_token=MDAyMmxvY2F0aW9uIG1hdHJpeC5iaW5nby1ib29tLnJ1CjAwMTNpZGVudGlmaWVyIGtleQowMDEwY2lkIGdlbiA9IDEKMDAyZmNpZCB1c2VyX2lkID0gQG1hdHJpeDptYXRyaXguYmluZ28tYm9vbS5ydQowMDE2Y2lkIHR5cGUgPSBhY2Nlc3MKMDAxZGNpZCB0aW1lIDwgMTQ3NjExNjk5ODc1MAowMDJmc2lnbmF0dXJlIDfvSNJTgNK6i08Zg6YhTZXK7g9Zi_2w3HsLhnLUb3nzCg&timeout=30000 HTTP/1.1" 200 None
2016-10-10 18:30:00,875 INFO: User token is: MDAyMmxvY2F0aW9uIG1hdHJpeC5iaW5nby1ib29tLnJ1CjAwMTNpZGVudGlmaWVyIGtleQowMDEwY2lkIGdlbiA9IDEKMDAyZmNpZCB1c2VyX2lkID0gQG1hdHJpeDptYXRyaXguYmluZ28tYm9vbS5ydQowMDE2Y2lkIHR5cGUgPSBhY2Nlc3MKMDAxZGNpZCB0aW1lIDwgMTQ3NjExNjk5ODc1MAowMDJmc2lnbmF0dXJlIDfvSNJTgNK6i08Zg6YhTZXK7g9Zi_2w3HsLhnLUb3nzCg
2016-10-10 18:30:00,877 INFO: Starting new HTTPS connection (1): matrix.bingo-boom.ru
2016-10-10 18:30:00,961 DEBUG: "POST /_matrix/client/api/v1/join/%23admins%3Amatrix.bingo-boom.ru?access_token=MDAyMmxvY2F0aW9uIG1hdHJpeC5iaW5nby1ib29tLnJ1CjAwMTNpZGVudGlmaWVyIGtleQowMDEwY2lkIGdlbiA9IDEKMDAyZmNpZCB1c2VyX2lkID0gQG1hdHJpeDptYXRyaXguYmluZ28tYm9vbS5ydQowMDE2Y2lkIHR5cGUgPSBhY2Nlc3MKMDAxZGNpZCB0aW1lIDwgMTQ3NjExNjk5ODc1MAowMDJmc2lnbmF0dXJlIDfvSNJTgNK6i08Zg6YhTZXK7g9Zi_2w3HsLhnLUb3nzCg HTTP/1.1" 200 None
2016-10-10 18:30:00,965 INFO: Starting new HTTPS connection (1): matrix.bingo-boom.ru
2016-10-10 18:30:01,156 DEBUG: "PUT /_matrix/client/api/v1/rooms/%21HhgiEgnhwFwUyaYwAM%3Amatrix.bingo-boom.ru/send/m.room.message/0?access_token=MDAyMmxvY2F0aW9uIG1hdHJpeC5iaW5nby1ib29tLnJ1CjAwMTNpZGVudGlmaWVyIGtleQowMDEwY2lkIGdlbiA9IDEKMDAyZmNpZCB1c2VyX2lkID0gQG1hdHJpeDptYXRyaXguYmluZ28tYm9vbS5ydQowMDE2Y2lkIHR5cGUgPSBhY2Nlc3MKMDAxZGNpZCB0aW1lIDwgMTQ3NjExNjk5ODc1MAowMDJmc2lnbmF0dXJlIDfvSNJTgNK6i08Zg6YhTZXK7g9Zi_2w3HsLhnLUb3nzCg HTTP/1.1" 200 None
2016-10-10 18:30:01,161 INFO: Starting new HTTPS connection (1): matrix.bingo-boom.ru
2016-10-10 18:30:01,543 DEBUG: "GET /_matrix/client/api/v1/profile/@matrix:matrix.bingo-boom.ru/displayname?access_token=MDAyMmxvY2F0aW9uIG1hdHJpeC5iaW5nby1ib29tLnJ1CjAwMTNpZGVudGlmaWVyIGtleQowMDEwY2lkIGdlbiA9IDEKMDAyZmNpZCB1c2VyX2lkID0gQG1hdHJpeDptYXRyaXguYmluZ28tYm9vbS5ydQowMDE2Y2lkIHR5cGUgPSBhY2Nlc3MKMDAxZGNpZCB0aW1lIDwgMTQ3NjExNjk5ODc1MAowMDJmc2lnbmF0dXJlIDfvSNJTgNK6i08Zg6YhTZXK7g9Zi_2w3HsLhnLUb3nzCg HTTP/1.1" 200 None
2016-10-10 18:30:01,547 INFO: Current Display Name: Matrix
2016-10-10 18:30:01,550 INFO: Starting new HTTPS connection (1): matrix.bingo-boom.ru
2016-10-10 18:30:01,730 DEBUG: "PUT /_matrix/client/api/v1/profile/@matrix:matrix.bingo-boom.ru/displayname?access_token=MDAyMmxvY2F0aW9uIG1hdHJpeC5iaW5nby1ib29tLnJ1CjAwMTNpZGVudGlmaWVyIGtleQowMDEwY2lkIGdlbiA9IDEKMDAyZmNpZCB1c2VyX2lkID0gQG1hdHJpeDptYXRyaXguYmluZ28tYm9vbS5ydQowMDE2Y2lkIHR5cGUgPSBhY2Nlc3MKMDAxZGNpZCB0aW1lIDwgMTQ3NjExNjk5ODc1MAowMDJmc2lnbmF0dXJlIDfvSNJTgNK6i08Zg6YhTZXK7g9Zi_2w3HsLhnLUb3nzCg HTTP/1.1" 200 None
2016-10-10 18:30:01,743 INFO: Starting new HTTPS connection (1): matrix.bingo-boom.ru
2016-10-10 18:30:01,794 DEBUG: "GET /_matrix/client/r0/sync?filter=%7B+%22room%22%3A+%7B+%22timeline%22+%3A+%7B+%22limit%22+%3A+1+%7D+%7D+%7D&access_token=MDAyMmxvY2F0aW9uIG1hdHJpeC5iaW5nby1ib29tLnJ1CjAwMTNpZGVudGlmaWVyIGtleQowMDEwY2lkIGdlbiA9IDEKMDAyZmNpZCB1c2VyX2lkID0gQG1hdHJpeDptYXRyaXguYmluZ28tYm9vbS5ydQowMDE2Y2lkIHR5cGUgPSBhY2Nlc3MKMDAxZGNpZCB0aW1lIDwgMTQ3NjExNjk5ODc1MAowMDJmc2lnbmF0dXJlIDfvSNJTgNK6i08Zg6YhTZXK7g9Zi_2w3HsLhnLUb3nzCg&since=s2403_25833_264_3836_56_28_55&timeout=30000 HTTP/1.1" 200 None
2016-10-10 18:30:01,798 ERROR: Exception thrown during sync
 on_message() takes exactly 1 argument (2 given)
2016-10-10 18:30:01,800 INFO: Starting new HTTPS connection (1): matrix.bingo-boom.ru
2016-10-10 18:30:05,144 INFO: Starting new HTTPS connection (1): matrix.bingo-boom.ru
2016-10-10 18:30:05,337 DEBUG: "PUT /_matrix/client/api/v1/rooms/%21HhgiEgnhwFwUyaYwAM%3Amatrix.bingo-boom.ru/send/m.room.message/1?access_token=MDAyMmxvY2F0aW9uIG1hdHJpeC5iaW5nby1ib29tLnJ1CjAwMTNpZGVudGlmaWVyIGtleQowMDEwY2lkIGdlbiA9IDEKMDAyZmNpZCB1c2VyX2lkID0gQG1hdHJpeDptYXRyaXguYmluZ28tYm9vbS5ydQowMDE2Y2lkIHR5cGUgPSBhY2Nlc3MKMDAxZGNpZCB0aW1lIDwgMTQ3NjExNjk5ODc1MAowMDJmc2lnbmF0dXJlIDfvSNJTgNK6i08Zg6YhTZXK7g9Zi_2w3HsLhnLUb3nzCg HTTP/1.1" 200 None
